2020-06-23 19:46:15,205 [restartedMain] INFO  c.e.b.BackendkycApplication - Starting BackendkycApplication on DESKTOP-D76G4J0 with PID 3656 (C:\Users\hoang\Desktop\Ljava1908\ljava1908\spring\backendkyc\target\classes started by hoang in C:\Users\hoang\Desktop\Ljava1908\ljava1908\spring\backendkyc)
2020-06-23 19:46:15,225 [restartedMain] INFO  c.e.b.BackendkycApplication - No active profile set, falling back to default profiles: default
2020-06-23 19:46:15,364 [restartedMain] INFO  o.s.b.d.e.DevToolsPropertyDefaultsPostProcessor - Devtools property defaults active! Set 'spring.devtools.add-properties' to 'false' to disable
2020-06-23 19:46:15,366 [restartedMain] INFO  o.s.b.d.e.DevToolsPropertyDefaultsPostProcessor - For additional web related logging consider setting the 'logging.level.web' property to 'DEBUG'
2020-06-23 19:46:17,366 [restartedMain] INFO  o.s.d.r.c.RepositoryConfigurationDelegate - Bootstrapping Spring Data MongoDB repositories in DEFAULT mode.
2020-06-23 19:46:17,580 [restartedMain] INFO  o.s.d.r.c.RepositoryConfigurationDelegate - Finished Spring Data repository scanning in 191ms. Found 2 MongoDB repository interfaces.
2020-06-23 19:46:19,031 [restartedMain] INFO  o.s.b.w.e.t.TomcatWebServer - Tomcat initialized with port(s): 8182 (http)
2020-06-23 19:46:19,055 [restartedMain] INFO  o.a.c.http11.Http11NioProtocol - Initializing ProtocolHandler ["http-nio-8182"]
2020-06-23 19:46:19,057 [restartedMain] INFO  o.a.c.core.StandardService - Starting service [Tomcat]
2020-06-23 19:46:19,058 [restartedMain] INFO  o.a.c.core.StandardEngine - Starting Servlet engine: [Apache Tomcat/9.0.34]
2020-06-23 19:46:19,264 [restartedMain] INFO  o.a.c.c.C.[.[.[/bekyc] - Initializing Spring embedded WebApplicationContext
2020-06-23 19:46:19,264 [restartedMain] INFO  o.s.web.context.ContextLoader - Root WebApplicationContext: initialization completed in 3896 ms
2020-06-23 19:46:20,410 [restartedMain] INFO  org.mongodb.driver.cluster - Cluster created with settings {hosts=[localhost:27017], mode=MULTIPLE, requiredClusterType=UNKNOWN, serverSelectionTimeout='30000 ms', maxWaitQueueSize=500}
2020-06-23 19:46:20,411 [restartedMain] INFO  org.mongodb.driver.cluster - Adding discovered server localhost:27017 to client view of cluster
2020-06-23 19:46:20,525 [cluster-ClusterId{value='5ef1f99c961bcf2f88dcb0af', description='null'}-localhost:27017] INFO  org.mongodb.driver.connection - Opened connection [connectionId{localValue:1, serverValue:331}] to localhost:27017
2020-06-23 19:46:20,536 [cluster-ClusterId{value='5ef1f99c961bcf2f88dcb0af', description='null'}-localhost:27017] INFO  org.mongodb.driver.cluster - Monitor thread successfully connected to server with description ServerDescription{address=localhost:27017, type=STANDALONE, state=CONNECTED, ok=true, version=ServerVersion{versionList=[4, 2, 6]}, minWireVersion=0, maxWireVersion=8, maxDocumentSize=16777216, logicalSessionTimeoutMinutes=30, roundTripTimeNanos=5293800}
2020-06-23 19:46:20,538 [cluster-ClusterId{value='5ef1f99c961bcf2f88dcb0af', description='null'}-localhost:27017] INFO  org.mongodb.driver.cluster - Discovered cluster type of STANDALONE
2020-06-23 19:46:20,784 [restartedMain] INFO  o.s.b.d.a.OptionalLiveReloadServer - LiveReload server is running on port 35729
2020-06-23 19:46:21,613 [restartedMain] INFO  o.s.s.c.ThreadPoolTaskExecutor - Initializing ExecutorService 'applicationTaskExecutor'
2020-06-23 19:46:21,892 [restartedMain] INFO  o.s.s.c.ThreadPoolTaskScheduler - Initializing ExecutorService 'taskScheduler'
2020-06-23 19:46:22,173 [restartedMain] INFO  o.a.c.http11.Http11NioProtocol - Starting ProtocolHandler ["http-nio-8182"]
2020-06-23 19:46:22,197 [restartedMain] INFO  o.s.b.w.e.t.TomcatWebServer - Tomcat started on port(s): 8182 (http) with context path '/bekyc'
2020-06-23 19:46:22,201 [restartedMain] INFO  c.e.b.BackendkycApplication - Started BackendkycApplication in 10.103 seconds (JVM running for 16.525)
2020-06-23 19:46:41,027 [http-nio-8182-exec-1] INFO  o.a.c.c.C.[.[.[/bekyc] - Initializing Spring DispatcherServlet 'dispatcherServlet'
2020-06-23 19:46:41,028 [http-nio-8182-exec-1] INFO  o.s.w.s.DispatcherServlet - Initializing Servlet 'dispatcherServlet'
2020-06-23 19:46:41,047 [http-nio-8182-exec-1] INFO  o.s.w.s.DispatcherServlet - Completed initialization in 19 ms
